SF:lib\core\errors\failures.dart
DA:4,2
DA:5,2
LF:2
LH:2
end_of_record
SF:lib\features\companies\domain\entities\enterprise_entity.dart
DA:22,1
DA:42,0
DA:43,0
DA:44,0
DA:45,0
DA:46,0
DA:47,0
DA:48,0
DA:49,0
DA:50,0
DA:51,0
DA:52,0
DA:53,0
DA:54,0
DA:55,0
DA:56,0
DA:57,0
DA:58,0
DA:59,0
DA:60,0
DA:68,1
DA:70,0
DA:71,0
LF:23
LH:2
end_of_record
SF:lib\features\companies\domain\usecases\get_all_enterprises_usecase.dart
DA:12,1
DA:14,1
DA:15,3
DA:20,0
DA:21,0
LF:5
LH:3
end_of_record
SF:lib\core\usecases\usecase.dart
DA:10,0
DA:11,0
LF:2
LH:0
end_of_record
SF:lib\features\login\data\datasources\authentication_datasource.dart
DA:17,1
DA:19,1
DA:21,3
DA:22,1
DA:23,1
DA:26,2
DA:28,2
DA:29,3
DA:31,1
LF:9
LH:9
end_of_record
SF:lib\features\login\data\models\authenticated_user_model.dart
DA:4,3
DA:11,3
DA:19,2
DA:20,2
DA:21,4
DA:22,4
DA:23,4
DA:24,4
DA:25,4
DA:26,4
DA:29,2
DA:30,2
DA:31,4
DA:32,4
DA:33,4
DA:34,4
DA:35,4
DA:36,4
LF:18
LH:18
end_of_record
SF:lib\features\login\domain\entities\authenticated_user_entity.dart
DA:11,5
DA:20,3
DA:21,21
LF:3
LH:3
end_of_record
SF:lib\features\login\data\repositories\authentication_repository_impl.dart
DA:11,1
DA:13,1
DA:16,3
DA:17,1
DA:18,1
DA:19,1
DA:20,1
LF:7
LH:7
end_of_record
SF:lib\features\login\domain\usecases\authenticate_usecase.dart
DA:11,1
DA:13,1
DA:14,5
DA:22,2
DA:24,0
DA:25,0
LF:6
LH:4
end_of_record
SF:lib\features\login\presentation\bloc\authentication_event.dart
DA:4,1
DA:6,0
DA:7,0
DA:14,1
LF:4
LH:2
end_of_record
SF:lib\features\login\presentation\bloc\authentication_state.dart
DA:4,1
DA:6,0
DA:7,0
DA:11,1
DA:12,1
DA:13,1
DA:17,1
DA:19,1
DA:20,1
DA:26,1
DA:27,1
DA:28,2
DA:34,1
DA:35,1
DA:36,2
LF:15
LH:13
end_of_record
SF:lib\features\login\presentation\bloc\authentication_bloc.dart
DA:18,1
DA:19,2
DA:22,1
DA:25,2
DA:26,1
DA:27,3
DA:28,3
DA:29,2
DA:33,1
DA:36,2
DA:37,2
DA:38,1
DA:40,1
DA:41,1
DA:44,1
DA:45,1
DA:46,1
LF:17
LH:17
end_of_record
